<?xml version="1.0" encoding="UTF-8"?>
<!-- Generated by org.testng.reporters.JUnitReportReporter -->
<testsuite hostname="Qaipos2" name="Tests.tests" tests="2" failures="0" timestamp="28 Sep 2015 04:47:58 GMT" time="8.312" errors="0">
  <testcase name="test1" time="4.464" classname="Tests.tests"/>
  <testcase name="test2" time="3.848" classname="Tests.tests"/>
</testsuite> <!-- Tests.tests -->
