<?xml version="1.0" encoding="UTF-8"?>
<!-- Generated by org.testng.reporters.JUnitReportReporter -->
<testsuite hostname="Qaipos2" name="utilities.ExcelUtil" tests="1" failures="0" timestamp="28 Sep 2015 04:47:58 GMT" time="1.104" errors="0">
  <testcase name="ReadDataFromExcel" time="1.104" classname="utilities.ExcelUtil"/>
</testsuite> <!-- utilities.ExcelUtil -->
