<?xml version="1.0" encoding="UTF-8"?>
<!-- Generated by org.testng.reporters.JUnitReportReporter -->
<testsuite hostname="Qaipos2" name="Tests.tests" tests="2" failures="0" timestamp="28 Sep 2015 05:34:14 GMT" time="11.778" errors="0">
  <testcase name="test1" time="6.023" classname="Tests.tests"/>
  <testcase name="test2" time="5.755" classname="Tests.tests"/>
</testsuite> <!-- Tests.tests -->
